-------------------------------------------------------------------------------
Test set: hello.ApplicationTest
-------------------------------------------------------------------------------
Tests run: 3, Failures: 3, Errors: 0, Skipped: 0, Time elapsed: 5.203 sec <<< FAILURE! - in hello.ApplicationTest
homePage(hello.ApplicationTest)  Time elapsed: 0.12 sec  <<< FAILURE!
java.lang.AssertionError: Response content
Expected: a string containing "Get your greeting"
     but: was "<!DOCTYPE HTML>
<html xmlns:th="http://www.thymeleaf.org">
<head>
<title>Getting Started: Serving Web Content</title>
<meta http-equiv="Content-Type" content="text/html; charset=UTF-8" />
<script src="http://ajax.googleapis.com/ajax/libs/jquery/3.0.0/jquery.min.js" type="text/javascript"></script>
<link href="css/bootstrap.min.css" rel="stylesheet" />
<link href="css/bootstrap-responsive.min.css" rel="stylesheet" />
<script src="js/bootstrap.min.js"></script>
<link href="css/base.css" rel="stylesheet" />
<script src="js/webPageCreate.js"></script>
<script src="js/base.js"></script>
<script src="js/check.js"></script>
<script src="js/message.js"></script>
<script src="js/time.js"></script>


</head>



<body>
	<header>
		<div id="headerImage"></div>
	</header>
	<div id="DateArea"></div>
	<div id="ClockArea"></div>
	<div id="messageAria"></div>

	<nav>
		<div id="contents"></div>
	</nav>


	<article>
		<div class="box1">
			<div id="main_menu"></div>
		</div>
	</article>

	<div class="box4">
		<footer>
			<div id="footerImage"></div>
		</footer>
	</div>

	<form name="moveForm">
		<input id="postData" type="hidden"></input>
	</form>




	<script type="text/javascript">

		var companyCode    = "";
		var UserNumber     = "";
		var UserName       = "";

		var gobalAuthority = "";
		var beforePage     = "";
		var currentPage    = ""
		var globalValueList = [];

		//25ã¯æ¨©éã³ã¼ã
		setButtonParam(25);
		//alert(buttonList);

		webPageCreate(buttonList);		//restControllerå¦çã«ç½®æäºå®
		pageChange("1000S");


		//ç¦æ­¢äºé 
		//rightClickBan();
		keyBan();






		$("#menu li").hover(function() {
		    $(this).children('ul').show();
		}, function() {
		    $(this).children('ul').hide();
		});



		function movePage(obj){
			beforePage = currentPage;
			pageChange(obj.name);
		}


	</script>
</body>
</html>
"
	at org.hamcrest.MatcherAssert.assertThat(MatcherAssert.java:20)
	at org.springframework.test.web.servlet.result.ContentResultMatchers$4.match(ContentResultMatchers.java:137)
	at org.springframework.test.web.servlet.MockMvc$1.andExpect(MockMvc.java:171)
	at hello.ApplicationTest.homePage(ApplicationTest.java:43)

greetingWithUser(hello.ApplicationTest)  Time elapsed: 0.01 sec  <<< FAILURE!
java.lang.AssertionError: Response content
Expected: a string containing "Hello, Greg!"
     but: was ""
	at org.hamcrest.MatcherAssert.assertThat(MatcherAssert.java:20)
	at org.springframework.test.web.servlet.result.ContentResultMatchers$4.match(ContentResultMatchers.java:137)
	at org.springframework.test.web.servlet.MockMvc$1.andExpect(MockMvc.java:171)
	at hello.ApplicationTest.greetingWithUser(ApplicationTest.java:55)

greeting(hello.ApplicationTest)  Time elapsed: 0.016 sec  <<< FAILURE!
java.lang.AssertionError: Response content
Expected: a string containing "Hello, World!"
     but: was ""
	at org.hamcrest.MatcherAssert.assertThat(MatcherAssert.java:20)
	at org.springframework.test.web.servlet.result.ContentResultMatchers$4.match(ContentResultMatchers.java:137)
	at org.springframework.test.web.servlet.MockMvc$1.andExpect(MockMvc.java:171)
	at hello.ApplicationTest.greeting(ApplicationTest.java:49)

